This file contains any messages produced by compilers while
running configure, to aid debugging if configure makes a mistake.

It was created by vcf2geno configure 1.1, which was
generated by GNU Autoconf 2.65.  Invocation command line was

  $ ./configure 

## --------- ##
## Platform. ##
## --------- ##

hostname = fantasia
uname -m = x86_64
uname -r = 3.0.23
uname -s = Linux
uname -v = #1 SMP Fri Mar 9 12:02:58 EST 2012

/usr/bin/uname -p = unknown
/bin/uname -X     = unknown

/bin/arch              = unknown
/usr/bin/arch -k       = unknown
/usr/convex/getsysinfo = unknown
/usr/bin/hostinfo      = unknown
/bin/machine           = unknown
/usr/bin/oslevel       = unknown
/bin/universe          = unknown

PATH: /net/fantasia/home/zhanxw/bin
PATH: /net/dumbo/home/zhanxw/intel/inspector_xe_2011
PATH: /net/dumbo/home/zhanxw/intel/vtune_amplifier_xe_2011/bin64
PATH: /net/fantasia/home/zhanxw/bin
PATH: /net/fantasia/home/zhanxw/bin
PATH: /usr/local/sbin
PATH: /usr/local/bin
PATH: /usr/sbin
PATH: /usr/bin
PATH: /sbin
PATH: /bin
PATH: /usr/games
PATH: /usr/cluster/bin
PATH: /net/fantasia/home/zhanxw/Sanger/prog
PATH: /home/zhanxw/python/bin
PATH: /home/zhanxw/git/bin
PATH: /usr/cluster/bin
PATH: /home/zhanxw/bin
PATH: /usr/local/sbin
PATH: /usr/local/bin
PATH: /usr/sbin
PATH: /usr/bin
PATH: /sbin
PATH: /bin
PATH: /usr/games
PATH: /usr/cluster/bin
PATH: /home/zhanxw/bin
PATH: /home/zhanxw/Sanger/prog
PATH: /net/fantasia/home/zhanxw/software/llvm_src/build/Release+Asserts/bin


## ----------- ##
## Core tests. ##
## ----------- ##

configure:2106: checking for gcc
configure:2133: result: gcc -std=gnu99
configure:2362: checking for C compiler version
configure:2371: gcc -std=gnu99 --version >&5
gcc (Ubuntu 4.4.3-4ubuntu5.1) 4.4.3
Copyright (C) 2009 Free Software Foundation, Inc.
This is free software; see the source for copying conditions.  There is NO
warranty; not even for MERCHANTABILITY or FITNESS FOR A PARTICULAR PURPOSE.

configure:2382: $? = 0
configure:2371: gcc -std=gnu99 -v >&5
Using built-in specs.
Target: x86_64-linux-gnu
Configured with: ../src/configure -v --with-pkgversion='Ubuntu 4.4.3-4ubuntu5.1' --with-bugurl=file:///usr/share/doc/gcc-4.4/README.Bugs --enable-languages=c,c++,fortran,objc,obj-c++ --prefix=/usr --enable-shared --enable-multiarch --enable-linker-build-id --with-system-zlib --libexecdir=/usr/lib --without-included-gettext --enable-threads=posix --with-gxx-include-dir=/usr/include/c++/4.4 --program-suffix=-4.4 --enable-nls --enable-clocale=gnu --enable-libstdcxx-debug --enable-plugin --enable-objc-gc --disable-werror --with-arch-32=i486 --with-tune=generic --enable-checking=release --build=x86_64-linux-gnu --host=x86_64-linux-gnu --target=x86_64-linux-gnu
Thread model: posix
gcc version 4.4.3 (Ubuntu 4.4.3-4ubuntu5.1) 
configure:2382: $? = 0
configure:2371: gcc -std=gnu99 -V >&5
gcc: '-V' must come at the start of the command line
configure:2382: $? = 1
configure:2371: gcc -std=gnu99 -qversion >&5
gcc: unrecognized option '-qversion'
gcc: no input files
configure:2382: $? = 1
configure:2402: checking whether the C compiler works
configure:2424: gcc -std=gnu99 -O3 -pipe -g   conftest.c  >&5
configure:2428: $? = 0
configure:2477: result: yes
configure:2480: checking for C compiler default output file name
configure:2482: result: a.out
configure:2488: checking for suffix of executables
configure:2495: gcc -std=gnu99 -o conftest -O3 -pipe -g   conftest.c  >&5
configure:2499: $? = 0
configure:2521: result: 
configure:2543: checking whether we are cross compiling
configure:2551: gcc -std=gnu99 -o conftest -O3 -pipe -g   conftest.c  >&5
configure:2555: $? = 0
configure:2562: ./conftest
configure:2566: $? = 0
configure:2581: result: no
configure:2586: checking for suffix of object files
configure:2608: gcc -std=gnu99 -c -O3 -pipe -g  conftest.c >&5
configure:2612: $? = 0
configure:2633: result: o
configure:2637: checking whether we are using the GNU C compiler
configure:2656: gcc -std=gnu99 -c -O3 -pipe -g  conftest.c >&5
configure:2656: $? = 0
configure:2665: result: yes
configure:2674: checking whether gcc -std=gnu99 accepts -g
configure:2694: gcc -std=gnu99 -c -g  conftest.c >&5
configure:2694: $? = 0
configure:2735: result: yes
configure:2752: checking for gcc -std=gnu99 option to accept ISO C89
configure:2816: gcc -std=gnu99  -c -O3 -pipe -g  conftest.c >&5
configure:2816: $? = 0
configure:2829: result: none needed
configure:2967: checking for C++ compiler version
configure:2976: g++ --version >&5
g++ (Ubuntu 4.4.3-4ubuntu5.1) 4.4.3
Copyright (C) 2009 Free Software Foundation, Inc.
This is free software; see the source for copying conditions.  There is NO
warranty; not even for MERCHANTABILITY or FITNESS FOR A PARTICULAR PURPOSE.

configure:2987: $? = 0
configure:2976: g++ -v >&5
Using built-in specs.
Target: x86_64-linux-gnu
Configured with: ../src/configure -v --with-pkgversion='Ubuntu 4.4.3-4ubuntu5.1' --with-bugurl=file:///usr/share/doc/gcc-4.4/README.Bugs --enable-languages=c,c++,fortran,objc,obj-c++ --prefix=/usr --enable-shared --enable-multiarch --enable-linker-build-id --with-system-zlib --libexecdir=/usr/lib --without-included-gettext --enable-threads=posix --with-gxx-include-dir=/usr/include/c++/4.4 --program-suffix=-4.4 --enable-nls --enable-clocale=gnu --enable-libstdcxx-debug --enable-plugin --enable-objc-gc --disable-werror --with-arch-32=i486 --with-tune=generic --enable-checking=release --build=x86_64-linux-gnu --host=x86_64-linux-gnu --target=x86_64-linux-gnu
Thread model: posix
gcc version 4.4.3 (Ubuntu 4.4.3-4ubuntu5.1) 
configure:2987: $? = 0
configure:2976: g++ -V >&5
g++: '-V' option must have argument
configure:2987: $? = 1
configure:2976: g++ -qversion >&5
g++: unrecognized option '-qversion'
g++: no input files
configure:2987: $? = 1
configure:2991: checking whether we are using the GNU C++ compiler
configure:3010: g++ -c -O3 -pipe -g  conftest.cpp >&5
configure:3010: $? = 0
configure:3019: result: yes
configure:3028: checking whether g++ accepts -g
configure:3048: g++ -c -g  conftest.cpp >&5
configure:3048: $? = 0
configure:3089: result: yes
configure:3120: checking how to run the C++ preprocessor
configure:3147: g++ -E  conftest.cpp
configure:3147: $? = 0
configure:3161: g++ -E  conftest.cpp
conftest.cpp:9:28: error: ac_nonexistent.h: No such file or directory
configure:3161: $? = 1
configure: failed program was:
| /* confdefs.h */
| #define PACKAGE_NAME "vcf2geno"
| #define PACKAGE_TARNAME "vcf2geno"
| #define PACKAGE_VERSION "1.1"
| #define PACKAGE_STRING "vcf2geno 1.1"
| #define PACKAGE_BUGREPORT "zhanxw@gmail.com"
| #define PACKAGE_URL ""
| /* end confdefs.h.  */
| #include <ac_nonexistent.h>
configure:3186: result: g++ -E
configure:3206: g++ -E  conftest.cpp
configure:3206: $? = 0
configure:3220: g++ -E  conftest.cpp
conftest.cpp:9:28: error: ac_nonexistent.h: No such file or directory
configure:3220: $? = 1
configure: failed program was:
| /* confdefs.h */
| #define PACKAGE_NAME "vcf2geno"
| #define PACKAGE_TARNAME "vcf2geno"
| #define PACKAGE_VERSION "1.1"
| #define PACKAGE_STRING "vcf2geno 1.1"
| #define PACKAGE_BUGREPORT "zhanxw@gmail.com"
| #define PACKAGE_URL ""
| /* end confdefs.h.  */
| #include <ac_nonexistent.h>
configure:3249: checking for grep that handles long lines and -e
configure:3307: result: /bin/grep
configure:3312: checking for egrep
configure:3374: result: /bin/grep -E
configure:3379: checking for ANSI C header files
configure:3399: g++ -c -O3 -pipe -g  conftest.cpp >&5
configure:3399: $? = 0
configure:3472: g++ -o conftest -O3 -pipe -g   conftest.cpp  >&5
configure:3472: $? = 0
configure:3472: ./conftest
configure:3472: $? = 0
configure:3483: result: yes
configure:3496: checking for sys/types.h
configure:3496: g++ -c -O3 -pipe -g  conftest.cpp >&5
configure:3496: $? = 0
configure:3496: result: yes
configure:3496: checking for sys/stat.h
configure:3496: g++ -c -O3 -pipe -g  conftest.cpp >&5
configure:3496: $? = 0
configure:3496: result: yes
configure:3496: checking for stdlib.h
configure:3496: g++ -c -O3 -pipe -g  conftest.cpp >&5
configure:3496: $? = 0
configure:3496: result: yes
configure:3496: checking for string.h
configure:3496: g++ -c -O3 -pipe -g  conftest.cpp >&5
configure:3496: $? = 0
configure:3496: result: yes
configure:3496: checking for memory.h
configure:3496: g++ -c -O3 -pipe -g  conftest.cpp >&5
configure:3496: $? = 0
configure:3496: result: yes
configure:3496: checking for strings.h
configure:3496: g++ -c -O3 -pipe -g  conftest.cpp >&5
configure:3496: $? = 0
configure:3496: result: yes
configure:3496: checking for inttypes.h
configure:3496: g++ -c -O3 -pipe -g  conftest.cpp >&5
configure:3496: $? = 0
configure:3496: result: yes
configure:3496: checking for stdint.h
configure:3496: g++ -c -O3 -pipe -g  conftest.cpp >&5
configure:3496: $? = 0
configure:3496: result: yes
configure:3496: checking for unistd.h
configure:3496: g++ -c -O3 -pipe -g  conftest.cpp >&5
configure:3496: $? = 0
configure:3496: result: yes
configure:3509: checking for BZ2_bzDecompressInit in -lbz2
configure:3534: g++ -o conftest -O3 -pipe -g   conftest.cpp -lbz2   >&5
configure:3534: $? = 0
configure:3543: result: yes
configure:3547: checking bzlib.h usability
configure:3547: g++ -c -O3 -pipe -g  conftest.cpp >&5
configure:3547: $? = 0
configure:3547: result: yes
configure:3547: checking bzlib.h presence
configure:3547: g++ -E  conftest.cpp
configure:3547: $? = 0
configure:3547: result: yes
configure:3547: checking for bzlib.h
configure:3547: result: yes
configure:3564: checking for regcomp in -lpcre
configure:3589: g++ -o conftest -O3 -pipe -g   conftest.cpp -lpcre   >&5
configure:3589: $? = 0
configure:3598: result: yes
configure:3602: checking pcreposix.h usability
configure:3602: g++ -c -O3 -pipe -g  conftest.cpp >&5
configure:3602: $? = 0
configure:3602: result: yes
configure:3602: checking pcreposix.h presence
configure:3602: g++ -E  conftest.cpp
configure:3602: $? = 0
configure:3602: result: yes
configure:3602: checking for pcreposix.h
configure:3602: result: yes
configure:3725: creating ./config.status

## ---------------------- ##
## Running config.status. ##
## ---------------------- ##

This file was extended by vcf2geno config.status 1.1, which was
generated by GNU Autoconf 2.65.  Invocation command line was

  CONFIG_FILES    = 
  CONFIG_HEADERS  = 
  CONFIG_LINKS    = 
  CONFIG_COMMANDS = 
  $ ./config.status 

on fantasia

config.status:807: creating src/Makevars
config.status:807: creating src/config.h
config.status:968: src/config.h is unchanged

## ---------------- ##
## Cache variables. ##
## ---------------- ##

ac_cv_c_compiler_gnu=yes
ac_cv_cxx_compiler_gnu=yes
ac_cv_env_CCC_set=
ac_cv_env_CCC_value=
ac_cv_env_CC_set=
ac_cv_env_CC_value=
ac_cv_env_CFLAGS_set=
ac_cv_env_CFLAGS_value=
ac_cv_env_CPPFLAGS_set=
ac_cv_env_CPPFLAGS_value=
ac_cv_env_CXXCPP_set=
ac_cv_env_CXXCPP_value=
ac_cv_env_CXXFLAGS_set=
ac_cv_env_CXXFLAGS_value=
ac_cv_env_CXX_set=
ac_cv_env_CXX_value=
ac_cv_env_LDFLAGS_set=
ac_cv_env_LDFLAGS_value=
ac_cv_env_LIBS_set=
ac_cv_env_LIBS_value=
ac_cv_env_build_alias_set=
ac_cv_env_build_alias_value=
ac_cv_env_host_alias_set=
ac_cv_env_host_alias_value=
ac_cv_env_target_alias_set=
ac_cv_env_target_alias_value=
ac_cv_header_bzlib_h=yes
ac_cv_header_inttypes_h=yes
ac_cv_header_memory_h=yes
ac_cv_header_pcreposix_h=yes
ac_cv_header_stdc=yes
ac_cv_header_stdint_h=yes
ac_cv_header_stdlib_h=yes
ac_cv_header_string_h=yes
ac_cv_header_strings_h=yes
ac_cv_header_sys_stat_h=yes
ac_cv_header_sys_types_h=yes
ac_cv_header_unistd_h=yes
ac_cv_lib_bz2_BZ2_bzDecompressInit=yes
ac_cv_lib_pcre_regcomp=yes
ac_cv_objext=o
ac_cv_path_EGREP='/bin/grep -E'
ac_cv_path_GREP=/bin/grep
ac_cv_prog_CXXCPP='g++ -E'
ac_cv_prog_ac_ct_CC='gcc -std=gnu99'
ac_cv_prog_cc_c89=
ac_cv_prog_cc_g=yes
ac_cv_prog_cxx_g=yes

## ----------------- ##
## Output variables. ##
## ----------------- ##

CC='gcc -std=gnu99'
CFLAGS='-O3 -pipe -g'
CPPFLAGS=''
CXX='g++'
CXXCPP='g++ -E'
CXXFLAGS='-O3 -pipe -g'
DEFS='-DHAVE_CONFIG_H'
ECHO_C=''
ECHO_N='-n'
ECHO_T=''
EGREP='/bin/grep -E'
EXEEXT=''
GREP='/bin/grep'
LDFLAGS=''
LIBOBJS=''
LIBS=''
LIB_BZIP2='-lbz2'
LIB_PCRE='-lpcre -lpcreposix'
LTLIBOBJS=''
OBJEXT='o'
PACKAGE_BUGREPORT='zhanxw@gmail.com'
PACKAGE_NAME='vcf2geno'
PACKAGE_STRING='vcf2geno 1.1'
PACKAGE_TARNAME='vcf2geno'
PACKAGE_URL=''
PACKAGE_VERSION='1.1'
PATH_SEPARATOR=':'
SHELL='/bin/sh'
ac_ct_CC='gcc -std=gnu99'
ac_ct_CXX=''
bindir='${exec_prefix}/bin'
build_alias=''
datadir='${datarootdir}'
datarootdir='${prefix}/share'
docdir='${datarootdir}/doc/${PACKAGE_TARNAME}'
dvidir='${docdir}'
exec_prefix='${prefix}'
host_alias=''
htmldir='${docdir}'
includedir='${prefix}/include'
infodir='${datarootdir}/info'
libdir='${exec_prefix}/lib'
libexecdir='${exec_prefix}/libexec'
localedir='${datarootdir}/locale'
localstatedir='${prefix}/var'
mandir='${datarootdir}/man'
oldincludedir='/usr/include'
pdfdir='${docdir}'
prefix='/usr/local'
program_transform_name='s,x,x,'
psdir='${docdir}'
sbindir='${exec_prefix}/sbin'
sharedstatedir='${prefix}/com'
sysconfdir='${prefix}/etc'
target_alias=''

## ----------- ##
## confdefs.h. ##
## ----------- ##

/* confdefs.h */
#define PACKAGE_NAME "vcf2geno"
#define PACKAGE_TARNAME "vcf2geno"
#define PACKAGE_VERSION "1.1"
#define PACKAGE_STRING "vcf2geno 1.1"
#define PACKAGE_BUGREPORT "zhanxw@gmail.com"
#define PACKAGE_URL ""
#define STDC_HEADERS 1
#define HAVE_SYS_TYPES_H 1
#define HAVE_SYS_STAT_H 1
#define HAVE_STDLIB_H 1
#define HAVE_STRING_H 1
#define HAVE_MEMORY_H 1
#define HAVE_STRINGS_H 1
#define HAVE_INTTYPES_H 1
#define HAVE_STDINT_H 1
#define HAVE_UNISTD_H 1
#define HAS_BZIP2 1
#define HAS_PCREPOSIX 1

configure: exit 0
